<?xml version="1.0" encoding="UTF-8"?>
<testsuite name="com.mycompany.demoo.test.DemooTest" time="0.004" tests="24" errors="0" skipped="0" failures="0">
  <properties>
    <property name="java.runtime.name" value="Java(TM) SE Runtime Environment"/>
    <property name="sun.boot.library.path" value="C:\Program Files\Java\jdk1.8.0_121\jre\bin"/>
    <property name="java.vm.version" value="25.121-b13"/>
    <property name="user.country.format" value="ID"/>
    <property name="java.vm.vendor" value="Oracle Corporation"/>
    <property name="java.vendor.url" value="http://java.oracle.com/"/>
    <property name="path.separator" value=";"/>
    <property name="guice.disable.misplaced.annotation.check" value="true"/>
    <property name="java.vm.name" value="Java HotSpot(TM) 64-Bit Server VM"/>
    <property name="file.encoding.pkg" value="sun.io"/>
    <property name="user.script" value=""/>
    <property name="user.country" value="US"/>
    <property name="sun.java.launcher" value="SUN_STANDARD"/>
    <property name="sun.os.patch.level" value=""/>
    <property name="java.vm.specification.name" value="Java Virtual Machine Specification"/>
    <property name="user.dir" value="E:\DATA NOVEL\Demoo"/>
    <property name="java.runtime.version" value="1.8.0_121-b13"/>
    <property name="java.awt.graphicsenv" value="sun.awt.Win32GraphicsEnvironment"/>
    <property name="java.endorsed.dirs" value="C:\Program Files\Java\jdk1.8.0_121\jre\lib\endorsed"/>
    <property name="os.arch" value="amd64"/>
    <property name="java.io.tmpdir" value="C:\Users\Hp\AppData\Local\Temp\"/>
    <property name="line.separator" value="&#10;"/>
    <property name="java.vm.specification.vendor" value="Oracle Corporation"/>
    <property name="user.variant" value=""/>
    <property name="os.name" value="Windows 10"/>
    <property name="maven.ext.class.path" value="C:\Program Files\NetBeans 8.2\java\maven-nblib\netbeans-eventspy.jar"/>
    <property name="classworlds.conf" value="C:\Program Files\NetBeans 8.2\java\maven\bin\m2.conf"/>
    <property name="sun.jnu.encoding" value="Cp1252"/>
    <property name="java.library.path" value="C:\Program Files\Java\jdk1.8.0_121\bin;C:\WINDOWS\Sun\Java\bin;C:\WINDOWS\system32;C:\WINDOWS;C:\ProgramData\Oracle\Java\javapath;C:\Program Files (x86)\Common Files\Intel\Shared Files\cpp\bin\Intel64;C:\oraclexe\app\oracle\product\11.2.0\server\bin;C:\Program Files\Broadcom\Broadcom 802.11 Network Adapter;C:\Program Files (x86)\Intel\iCLS Client\;C:\Program Files\Intel\iCLS Client\;C:\Windows\system32;C:\Windows;C:\Windows\System32\Wbem;C:\Windows\System32\WindowsPowerShell\v1.0\;C:\Program Files\Intel\IntelSGXPSW\bin\x64\Release\;C:\Program Files\Intel\IntelSGXPSW\bin\win32\Release\;C:\Program Files (x86)\NVIDIA Corporation\PhysX\Common;C:\FPC\3.0.0\bin\i386-Win32;C:\WINDOWS\system32;C:\WINDOWS;C:\WINDOWS\System32\Wbem;C:\WINDOWS\System32\WindowsPowerShell\v1.0\;C:\Program Files (x86)\Intel\Intel(R) Management Engine Components\DAL;C:\Program Files\Intel\Intel(R) Management Engine Components\DAL;C:\Program Files (x86)\Intel\Intel(R) Management Engine Components\IPT;C:\Program Files\Intel\Intel(R) Management Engine Components\IPT;C:\Users\Hp\AppData\Roaming\Microsoft\Windows\Start Menu\Programs\Python 3.6;C:\Users\Hp\AppData\Local\Programs\Python\Python36\;C:\Program Files\Git\cmd;C:\HashiCorp\Vagrant\bin;C:\Users\Hp\AppData\Local\Microsoft\WindowsApps;E:\DATA NOVEL\Informatika\semester 5\IMPAL\Sonarqube\sonarqube-6.7\bin\windows-x86-64;E:\DATA NOVEL\Informatika\semester 5\IMPAL\Sonarqube\sonar-runner-2.4\bin;E:\DATA NOVEL\Informatika\semester 5\IMPAL\Sonarqube\sonar-scanner-3.0.3.778-windows\bin;E:\DATA NOVEL\Informatika\semester 5\IMPAL\Sonarqube\apache-maven-3.5.2\bin;E:\DATA NOVEL\Informatika\semester 5\IMPAL\Sonarqube\sonar-runner-2.4;E:\DATA NOVEL\Informatika\semester 5\IMPAL\Sonarqube\Cucumber\spring-boot-cli-1.5.8.RELEASE-bin\spring-1.5.8.RELEASE\bin;;."/>
    <property name="java.specification.name" value="Java Platform API Specification"/>
    <property name="java.class.version" value="52.0"/>
    <property name="sun.management.compiler" value="HotSpot 64-Bit Tiered Compilers"/>
    <property name="os.version" value="10.0"/>
    <property name="user.home" value="C:\Users\Hp"/>
    <property name="user.timezone" value="Asia/Bangkok"/>
    <property name="java.awt.printerjob" value="sun.awt.windows.WPrinterJob"/>
    <property name="java.specification.version" value="1.8"/>
    <property name="file.encoding" value="UTF-8"/>
    <property name="user.name" value="Novelty Octaviani"/>
    <property name="java.class.path" value="C:\Program Files\NetBeans 8.2\java\maven\boot\plexus-classworlds-2.4.jar"/>
    <property name="java.vm.specification.version" value="1.8"/>
    <property name="sun.arch.data.model" value="64"/>
    <property name="java.home" value="C:\Program Files\Java\jdk1.8.0_121\jre"/>
    <property name="sun.java.command" value="org.codehaus.plexus.classworlds.launcher.Launcher -Dmaven.ext.class.path=C:\Program Files\NetBeans 8.2\java\maven-nblib\netbeans-eventspy.jar -Dfile.encoding=UTF-8 test"/>
    <property name="java.specification.vendor" value="Oracle Corporation"/>
    <property name="user.language" value="en"/>
    <property name="user.language.format" value="id"/>
    <property name="awt.toolkit" value="sun.awt.windows.WToolkit"/>
    <property name="java.vm.info" value="mixed mode"/>
    <property name="java.version" value="1.8.0_121"/>
    <property name="java.ext.dirs" value="C:\Program Files\Java\jdk1.8.0_121\jre\lib\ext;C:\WINDOWS\Sun\Java\lib\ext"/>
    <property name="sun.boot.class.path" value="C:\Program Files\Java\jdk1.8.0_121\jre\lib\resources.jar;C:\Program Files\Java\jdk1.8.0_121\jre\lib\rt.jar;C:\Program Files\Java\jdk1.8.0_121\jre\lib\sunrsasign.jar;C:\Program Files\Java\jdk1.8.0_121\jre\lib\jsse.jar;C:\Program Files\Java\jdk1.8.0_121\jre\lib\jce.jar;C:\Program Files\Java\jdk1.8.0_121\jre\lib\charsets.jar;C:\Program Files\Java\jdk1.8.0_121\jre\lib\jfr.jar;C:\Program Files\Java\jdk1.8.0_121\jre\classes"/>
    <property name="java.vendor" value="Oracle Corporation"/>
    <property name="maven.home" value="C:\Program Files\NetBeans 8.2\java\maven"/>
    <property name="file.separator" value="\"/>
    <property name="java.vendor.url.bug" value="http://bugreport.sun.com/bugreport/"/>
    <property name="sun.cpu.endian" value="little"/>
    <property name="sun.io.unicode.encoding" value="UnicodeLittle"/>
    <property name="sun.desktop" value="windows"/>
    <property name="sun.cpu.isalist" value="amd64"/>
  </properties>
  <testcase name="Dengan Data user baru yang akan dimasukan tersedia dan tidak duplikasi" classname="Skenario: Memasukan User Baru" time="0.002"/>
  <testcase name="Ketika Memasukan data user" classname="Skenario: Memasukan User Baru" time="0"/>
  <testcase name="Maka respon &quot;user sukses dimasukan&quot;" classname="Skenario: Memasukan User Baru" time="0"/>
  <testcase name="Skenario: Memasukan User Baru" classname="Skenario: Memasukan User Baru" time="0"/>
  <testcase name="Dengan Data user baru yang akan dimasukan tersedia dan tidak duplikasi" classname="Skenario: Memasukan User Baru" time="0.002"/>
  <testcase name="Ketika Memasukan data user" classname="Skenario: Memasukan User Baru" time="0"/>
  <testcase name="Maka respon gagal dengan pesan &quot;duplicate&quot;" classname="Skenario: Memasukan User Baru" time="0"/>
  <testcase name="Skenario: Memasukan User Baru" classname="Skenario: Memasukan User Baru" time="0"/>
  <testcase name="Dengan Data username dan password akan dimasukan tersedia dan sesuai" classname="Skenario: Memasukan Informasi username dan password" time="0"/>
  <testcase name="Ketika Memasukan data username dan password" classname="Skenario: Memasukan Informasi username dan password" time="0"/>
  <testcase name="Maka respon login &quot;anda telah berhasil login&quot;" classname="Skenario: Memasukan Informasi username dan password" time="0"/>
  <testcase name="Skenario: Memasukan Informasi username dan password" classname="Skenario: Memasukan Informasi username dan password" time="0"/>
  <testcase name="Dengan Data username dan password yang akan dimasukan tidak tersedia" classname="Skenario: Memasukan Memasukan Informasi username dan password" time="0"/>
  <testcase name="Ketika Memasukan data username dan password" classname="Skenario: Memasukan Memasukan Informasi username dan password" time="0"/>
  <testcase name="Maka respon login gagal dengan pesan &quot;username dan password tidak terdaftar&quot;" classname="Skenario: Memasukan Memasukan Informasi username dan password" time="0"/>
  <testcase name="Skenario: Memasukan Memasukan Informasi username dan password" classname="Skenario: Memasukan Memasukan Informasi username dan password" time="0"/>
  <testcase name="Dengan Data barang yang akan dimasukkan tersedia dan tidak duplikasi" classname="Skenario: Mengelola Data Barang Baru" time="0"/>
  <testcase name="Ketika Memasukkan data barang" classname="Skenario: Mengelola Data Barang Baru" time="0"/>
  <testcase name="Maka respon menjadi &quot;data barang sukses dimasukan&quot;" classname="Skenario: Mengelola Data Barang Baru" time="0"/>
  <testcase name="Skenario: Mengelola Data Barang Baru" classname="Skenario: Mengelola Data Barang Baru" time="0"/>
  <testcase name="Dengan Data barang baru yang akan dimasukkan tersedia dan tidak duplikasi" classname="Skenario: Mengelola Data Barang Baru" time="0"/>
  <testcase name="Ketika Memasukkan data barang" classname="Skenario: Mengelola Data Barang Baru" time="0"/>
  <testcase name="Maka respon akan gagal dengan pesan &quot;duplikat&quot;" classname="Skenario: Mengelola Data Barang Baru" time="0"/>
  <testcase name="Skenario: Mengelola Data Barang Baru" classname="Skenario: Mengelola Data Barang Baru" time="0"/>
</testsuite>